<?xml version="1.0" encoding="UTF-8"?>
<!-- Generated by org.testng.reporters.JUnitReportReporter -->
<testsuite hostname="LAPTOP-0SCJ6J7A" failures="0" tests="9" name="com.crm.Organizationtest.CreateMultipleOrgWithIndTypeAndType" time="241.548" errors="0" timestamp="2022-03-01T16:48:05 IST" skipped="0">
  <testcase classname="com.crm.Organizationtest.CreateMultipleOrgWithIndTypeAndType" name="createOrgWithIndType" time="21.670"/>
  <system-out>
    <![CDATA[clicked on organization link
Clicked on create organization lookup image
New Organization created
Verification successful]]>
  </system-out>
  <testcase classname="com.crm.Organizationtest.CreateMultipleOrgWithIndTypeAndType" name="createOrgWithIndType" time="29.194"/>
  <system-out>
    <![CDATA[clicked on organization link
Clicked on create organization lookup image
New Organization created
Verification successful]]>
  </system-out>
  <testcase classname="com.crm.Organizationtest.CreateMultipleOrgWithIndTypeAndType" name="createOrgWithIndType" time="26.746"/>
  <system-out>
    <![CDATA[clicked on organization link
Clicked on create organization lookup image
New Organization created
Verification successful]]>
  </system-out>
  <testcase classname="com.crm.Organizationtest.CreateMultipleOrgWithIndTypeAndType" name="createOrgWithIndType" time="22.495"/>
  <system-out>
    <![CDATA[clicked on organization link
Clicked on create organization lookup image
New Organization created
Verification successful]]>
  </system-out>
  <testcase classname="com.crm.Organizationtest.CreateMultipleOrgWithIndTypeAndType" name="createOrgWithIndType" time="39.264"/>
  <system-out>
    <![CDATA[clicked on organization link
Clicked on create organization lookup image
New Organization created
Verification successful]]>
  </system-out>
  <testcase classname="com.crm.Organizationtest.CreateMultipleOrgWithIndTypeAndType" name="createOrgWithIndType" time="25.523"/>
  <system-out>
    <![CDATA[clicked on organization link
Clicked on create organization lookup image
New Organization created
Verification successful]]>
  </system-out>
  <testcase classname="com.crm.Organizationtest.CreateMultipleOrgWithIndTypeAndType" name="createOrgWithIndType" time="32.375"/>
  <system-out>
    <![CDATA[clicked on organization link
Clicked on create organization lookup image
New Organization created
Verification successful]]>
  </system-out>
  <testcase classname="com.crm.Organizationtest.CreateMultipleOrgWithIndTypeAndType" name="createOrgWithIndType" time="21.852"/>
  <system-out>
    <![CDATA[clicked on organization link
Clicked on create organization lookup image
New Organization created
Verification successful]]>
  </system-out>
  <testcase classname="com.crm.Organizationtest.CreateMultipleOrgWithIndTypeAndType" name="createOrgWithIndType" time="22.429"/>
  <system-out>
    <![CDATA[clicked on organization link
Clicked on create organization lookup image
New Organization created
Verification successful]]>
  </system-out>
</testsuite> <!-- com.crm.Organizationtest.CreateMultipleOrgWithIndTypeAndType -->
