<?xml version="1.0" encoding="UTF-8"?>
<!-- Generated by org.testng.reporters.JUnitReportReporter -->
<testsuite hostname="LAPTOP-0SCJ6J7A" failures="0" tests="1" name="com.crm.PRACTICE.PracticePOM" time="24.400" errors="0" timestamp="2022-02-23T16:13:30 IST" skipped="0">
  <testcase classname="com.crm.PRACTICE.PracticePOM" name="practice" time="24.400"/>
  <system-out/>
</testsuite> <!-- com.crm.PRACTICE.PracticePOM -->
