<?xml version="1.0" encoding="UTF-8"?>
<!-- Generated by org.testng.reporters.JUnitReportReporter -->
<testsuite hostname="LAPTOP-0SCJ6J7A" failures="0" tests="1" name="com.crm.PRACTICE.BookFlightForTodaysDate" time="23.738" errors="0" timestamp="2022-03-10T14:38:55 IST" skipped="0">
  <testcase classname="com.crm.PRACTICE.BookFlightForTodaysDate" name="bookFlightForCurrentDate" time="23.738"/>
  <system-out>
    <![CDATA[Browser launched Successfully
Application loaded Sucessfully
From location added Successfully
To location added Successfully
Current date selected Successfully
Clicked on search flights Button]]>
  </system-out>
</testsuite> <!-- com.crm.PRACTICE.BookFlightForTodaysDate -->
