<?xml version="1.0" encoding="UTF-8"?>
<!-- Generated by org.testng.reporters.JUnitReportReporter -->
<testsuite hostname="LAPTOP-0SCJ6J7A" failures="0" tests="1" name="com.crm.PRACTICE.ReaddatafromsuiteXMLFileTest" time="0.015" errors="0" timestamp="2022-03-02T11:37:11 IST" skipped="0">
  <testcase classname="com.crm.PRACTICE.ReaddatafromsuiteXMLFileTest" name="readdatafromXML" time="0.015"/>
  <system-out/>
</testsuite> <!-- com.crm.PRACTICE.ReaddatafromsuiteXMLFileTest -->
