<?xml version="1.0" encoding="UTF-8"?>
<!-- Generated by org.testng.reporters.JUnitReportReporter -->
<testsuite hostname="LAPTOP-0SCJ6J7A" failures="0" tests="2" name="com.crm.Organizationtest.CreateOrgTest" time="59.518" errors="0" timestamp="2022-03-16T09:41:47 IST" skipped="0">
  <testcase classname="com.crm.Organizationtest.CreateOrgTest" name="createorg" time="28.354"/>
  <system-out>
    <![CDATA[clicked on organization link
Clicked on create organization lookup image
New organization created
Verification successful]]>
  </system-out>
  <testcase classname="com.crm.Organizationtest.CreateOrgTest" name="createorg" time="31.164"/>
  <system-out>
    <![CDATA[clicked on organization link
Clicked on create organization lookup image
New organization created
Verification successful]]>
  </system-out>
</testsuite> <!-- com.crm.Organizationtest.CreateOrgTest -->
