<?xml version="1.0" encoding="UTF-8"?>
<!-- Generated by org.testng.reporters.JUnitReportReporter -->
<testsuite hostname="LAPTOP-0SCJ6J7A" failures="0" tests="12" name="com.crm.PRACTICE.DataProvider6cross2" time="0.044" errors="0" timestamp="2022-02-28T17:03:25 IST" skipped="0">
  <testcase classname="com.crm.PRACTICE.DataProvider6cross2" name="test22" time="0.001"/>
  <system-out/>
  <testcase classname="com.crm.PRACTICE.DataProvider6cross2" name="test22" time="0.005"/>
  <system-out/>
  <testcase classname="com.crm.PRACTICE.DataProvider6cross2" name="dataprovider6cross2" time="0.003"/>
  <system-out/>
  <testcase classname="com.crm.PRACTICE.DataProvider6cross2" name="dataprovider6cross2" time="0.002"/>
  <system-out/>
  <testcase classname="com.crm.PRACTICE.DataProvider6cross2" name="test22" time="0.004"/>
  <system-out/>
  <testcase classname="com.crm.PRACTICE.DataProvider6cross2" name="test22" time="0.003"/>
  <system-out/>
  <testcase classname="com.crm.PRACTICE.DataProvider6cross2" name="dataprovider6cross2" time="0.009"/>
  <system-out/>
  <testcase classname="com.crm.PRACTICE.DataProvider6cross2" name="test22" time="0.002"/>
  <system-out/>
  <testcase classname="com.crm.PRACTICE.DataProvider6cross2" name="dataprovider6cross2" time="0.002"/>
  <system-out/>
  <testcase classname="com.crm.PRACTICE.DataProvider6cross2" name="test22" time="0.004"/>
  <system-out/>
  <testcase classname="com.crm.PRACTICE.DataProvider6cross2" name="dataprovider6cross2" time="0.008"/>
  <system-out/>
  <testcase classname="com.crm.PRACTICE.DataProvider6cross2" name="dataprovider6cross2" time="0.001"/>
  <system-out/>
</testsuite> <!-- com.crm.PRACTICE.DataProvider6cross2 -->
