<?xml version="1.0" encoding="UTF-8"?>
<!-- Generated by org.testng.reporters.JUnitReportReporter -->
<testsuite hostname="LAPTOP-0SCJ6J7A" failures="0" tests="1" name="com.crm.PRACTICE.TEst" time="1.827" errors="0" timestamp="2022-03-03T14:06:48 IST" skipped="0">
  <testcase classname="com.crm.PRACTICE.TEst" name="test" time="1.827"/>
  <system-out/>
</testsuite> <!-- com.crm.PRACTICE.TEst -->
