<?xml version="1.0" encoding="UTF-8"?>
<!-- Generated by org.testng.reporters.JUnitReportReporter -->
<testsuite hostname="LAPTOP-0SCJ6J7A" failures="0" tests="1" name="com.crm.PRACTICE.ReadDatafromExcelSheetTest" time="0.834" errors="0" timestamp="2022-02-17T16:12:53 IST" skipped="0">
  <testcase classname="com.crm.PRACTICE.ReadDatafromExcelSheetTest" name="readdatafromexcel" time="0.834"/>
  <system-out/>
</testsuite> <!-- com.crm.PRACTICE.ReadDatafromExcelSheetTest -->
