<?xml version="1.0" encoding="UTF-8"?>
<!-- Generated by org.testng.reporters.JUnitReportReporter -->
<testsuite hostname="LAPTOP-0SCJ6J7A" failures="0" tests="1" name="com.crm.Organizationtest.CreateOrgWithIndustryAndType" time="21.161" errors="0" timestamp="2022-02-24T14:32:24 IST" skipped="0">
  <testcase classname="com.crm.Organizationtest.CreateOrgWithIndustryAndType" name="CreateOrgWithIndustryAndType" time="21.161"/>
  <system-out/>
</testsuite> <!-- com.crm.Organizationtest.CreateOrgWithIndustryAndType -->
