<?xml version="1.0" encoding="UTF-8"?>
<!-- Generated by org.testng.reporters.JUnitReportReporter -->
<testsuite hostname="LAPTOP-0SCJ6J7A" failures="0" tests="1" name="com.crm.organizationA1.CreateOrganizationCopyShippingAddressTest" time="30.540" errors="0" timestamp="2022-03-01T14:56:50 IST" skipped="0">
  <testcase classname="com.crm.organizationA1.CreateOrganizationCopyShippingAddressTest" name="CreateOrganizationCopyShippingAddress" time="30.540"/>
  <system-out/>
</testsuite> <!-- com.crm.organizationA1.CreateOrganizationCopyShippingAddressTest -->
