<?xml version="1.0" encoding="UTF-8"?>
<!-- Generated by org.testng.reporters.JUnitReportReporter -->
<testsuite hostname="LAPTOP-0SCJ6J7A" failures="0" tests="1" name="com.crm.productTestcases.EditingInformationforproductTest" time="39.513" errors="0" timestamp="2022-03-02T16:17:22 IST" skipped="0">
  <testcase classname="com.crm.productTestcases.EditingInformationforproductTest" name="EditingInformationforproduct" time="39.513"/>
  <system-out/>
</testsuite> <!-- com.crm.productTestcases.EditingInformationforproductTest -->
