<?xml version="1.0" encoding="UTF-8"?>
<!-- Generated by org.testng.reporters.JUnitReportReporter -->
<testsuite hostname="LAPTOP-0SCJ6J7A" failures="0" tests="1" name="xpath.Select_and_Delete_5TH_ContactTest" time="17.947" errors="0" timestamp="2022-03-08T21:49:18 IST" skipped="0">
  <testcase classname="xpath.Select_and_Delete_5TH_ContactTest" name="delete5thele" time="17.947"/>
  <system-out>
    <![CDATA[clicked on contacts link
5th Contact Selected 
 selected Contact is deleted successfully]]>
  </system-out>
</testsuite> <!-- xpath.Select_and_Delete_5TH_ContactTest -->
