<?xml version="1.0" encoding="UTF-8"?>
<!-- Generated by org.testng.reporters.JUnitReportReporter -->
<testsuite hostname="LAPTOP-0SCJ6J7A" failures="0" tests="9" name="com.crm.Organizationtest.CreateMultipleOrganizationWithIndType" time="214.499" errors="0" timestamp="2022-03-01T16:48:05 IST" skipped="0">
  <testcase classname="com.crm.Organizationtest.CreateMultipleOrganizationWithIndType" name="createOrgWithIndType" time="19.099"/>
  <system-out>
    <![CDATA[clicked on organization link
Clicked on create organization lookup image
New Organization created
Verification successful]]>
  </system-out>
  <testcase classname="com.crm.Organizationtest.CreateMultipleOrganizationWithIndType" name="createOrgWithIndType" time="22.428"/>
  <system-out>
    <![CDATA[clicked on organization link
Clicked on create organization lookup image
New Organization created
Verification successful]]>
  </system-out>
  <testcase classname="com.crm.Organizationtest.CreateMultipleOrganizationWithIndType" name="createOrgWithIndType" time="21.258"/>
  <system-out>
    <![CDATA[clicked on organization link
Clicked on create organization lookup image
New Organization created
Verification successful]]>
  </system-out>
  <testcase classname="com.crm.Organizationtest.CreateMultipleOrganizationWithIndType" name="createOrgWithIndType" time="22.438"/>
  <system-out>
    <![CDATA[clicked on organization link
Clicked on create organization lookup image
New Organization created
Verification successful]]>
  </system-out>
  <testcase classname="com.crm.Organizationtest.CreateMultipleOrganizationWithIndType" name="createOrgWithIndType" time="21.383"/>
  <system-out>
    <![CDATA[clicked on organization link
Clicked on create organization lookup image
New Organization created
Verification successful]]>
  </system-out>
  <testcase classname="com.crm.Organizationtest.CreateMultipleOrganizationWithIndType" name="createOrgWithIndType" time="21.095"/>
  <system-out>
    <![CDATA[clicked on organization link
Clicked on create organization lookup image
New Organization created
Verification successful]]>
  </system-out>
  <testcase classname="com.crm.Organizationtest.CreateMultipleOrganizationWithIndType" name="createOrgWithIndType" time="27.819"/>
  <system-out>
    <![CDATA[clicked on organization link
Clicked on create organization lookup image
New Organization created
Verification successful]]>
  </system-out>
  <testcase classname="com.crm.Organizationtest.CreateMultipleOrganizationWithIndType" name="createOrgWithIndType" time="23.920"/>
  <system-out>
    <![CDATA[clicked on organization link
Clicked on create organization lookup image
New Organization created
Verification successful]]>
  </system-out>
  <testcase classname="com.crm.Organizationtest.CreateMultipleOrganizationWithIndType" name="createOrgWithIndType" time="35.059"/>
  <system-out>
    <![CDATA[clicked on organization link
Clicked on create organization lookup image
New Organization created
Verification successful]]>
  </system-out>
</testsuite> <!-- com.crm.Organizationtest.CreateMultipleOrganizationWithIndType -->
