<?xml version="1.0" encoding="UTF-8"?>
<!-- Generated by org.testng.reporters.JUnitReportReporter -->
<testsuite hostname="LAPTOP-0SCJ6J7A" failures="0" tests="1" name="com.crm.productTestcases.EditingInformationforproductTest" time="58.494" errors="0" timestamp="2022-03-16T09:53:17 IST" skipped="0">
  <testcase classname="com.crm.productTestcases.EditingInformationforproductTest" name="EditingInformationforproduct" time="58.494"/>
  <system-out>
    <![CDATA[clicked on Vendor link
Clicked on create Vendor lookup image
New Vendor created
clicked on product link
Clicked on create product lookup image
New product created
Verification successful]]>
  </system-out>
</testsuite> <!-- com.crm.productTestcases.EditingInformationforproductTest -->
