<?xml version="1.0" encoding="UTF-8"?>
<!-- Generated by org.testng.reporters.JUnitReportReporter -->
<testsuite hostname="LAPTOP-0SCJ6J7A" failures="0" tests="1" name="com.crm.PRACTICE.SampleJDBCupdateQuery" time="0.257" errors="0" timestamp="2022-03-02T16:27:41 IST" skipped="0">
  <testcase classname="com.crm.PRACTICE.SampleJDBCupdateQuery" name="sampleJDBCupdatequery" time="0.257"/>
  <system-out/>
</testsuite> <!-- com.crm.PRACTICE.SampleJDBCupdateQuery -->
