<?xml version="1.0" encoding="UTF-8"?>
<!-- Generated by org.testng.reporters.JUnitReportReporter -->
<testsuite hostname="LAPTOP-0SCJ6J7A" failures="0" tests="1" name="com.crm.PRACTICE.CalenderPRC" time="15.551" errors="0" timestamp="2022-03-09T16:48:38 IST" skipped="0">
  <testcase classname="com.crm.PRACTICE.CalenderPRC" name="Selectdate" time="15.551"/>
  <system-out/>
</testsuite> <!-- com.crm.PRACTICE.CalenderPRC -->
