<?xml version="1.0" encoding="UTF-8"?>
<!-- Generated by org.testng.reporters.JUnitReportReporter -->
<testsuite hostname="LAPTOP-0SCJ6J7A" failures="0" tests="13" name="com.crm.PRACTICE.TestNG_Practice" time="0.036" errors="0" timestamp="2022-02-28T14:38:11 IST" skipped="1">
  <testcase classname="com.crm.PRACTICE.TestNG_Practice" name="deleteOrg" time="0.002"/>
  <system-out>
    <![CDATA[DELETE]]>
  </system-out>
  <testcase classname="com.crm.PRACTICE.TestNG_Practice" name="deleteOrg" time="0.013"/>
  <system-out>
    <![CDATA[DELETE]]>
  </system-out>
  <testcase classname="com.crm.PRACTICE.TestNG_Practice" name="deleteOrg" time="0.002"/>
  <system-out>
    <![CDATA[DELETE]]>
  </system-out>
  <testcase classname="com.crm.PRACTICE.TestNG_Practice" name="deleteOrg" time="0.002"/>
  <system-out>
    <![CDATA[DELETE]]>
  </system-out>
  <testcase classname="com.crm.PRACTICE.TestNG_Practice" name="deleteOrg" time="0.001"/>
  <system-out>
    <![CDATA[DELETE]]>
  </system-out>
  <testcase classname="com.crm.PRACTICE.TestNG_Practice" name="modifyOrg" time="0.001"/>
  <system-out>
    <![CDATA[MODIFY]]>
  </system-out>
  <testcase classname="com.crm.PRACTICE.TestNG_Practice" name="modifyOrg" time="0.002"/>
  <system-out>
    <![CDATA[MODIFY]]>
  </system-out>
  <testcase classname="com.crm.PRACTICE.TestNG_Practice" name="modifyOrg" time="0.001"/>
  <system-out>
    <![CDATA[MODIFY]]>
  </system-out>
  <testcase classname="com.crm.PRACTICE.TestNG_Practice" name="modifyOrg" time="0.005"/>
  <system-out>
    <![CDATA[MODIFY]]>
  </system-out>
  <testcase classname="com.crm.PRACTICE.TestNG_Practice" name="modifyOrg" time="0.001"/>
  <system-out>
    <![CDATA[MODIFY]]>
  </system-out>
  <testcase classname="com.crm.PRACTICE.TestNG_Practice" name="modifyOrg" time="0.003"/>
  <system-out>
    <![CDATA[MODIFY]]>
  </system-out>
  <testcase classname="com.crm.PRACTICE.TestNG_Practice" name="modifyOrg" time="0.003"/>
  <system-out>
    <![CDATA[MODIFY]]>
  </system-out>
  <testcase classname="com.crm.PRACTICE.TestNG_Practice" name="createOrg">
    <skipped/>
  </testcase> <!-- createOrg -->
  <system-out/>
</testsuite> <!-- com.crm.PRACTICE.TestNG_Practice -->
