<?xml version="1.0" encoding="UTF-8"?>
<!-- Generated by org.testng.reporters.JUnitReportReporter -->
<testsuite hostname="LAPTOP-0SCJ6J7A" failures="0" tests="2" name="com.crm.contactsTest.CreateContactsTest" time="56.898" errors="0" timestamp="2022-03-16T09:44:00 IST" skipped="0">
  <testcase classname="com.crm.contactsTest.CreateContactsTest" name="createcontacts" time="27.995"/>
  <system-out>
    <![CDATA[clicked on contacts link
Clicked on create contacts lookup image
New contacts created
Verification successful]]>
  </system-out>
  <testcase classname="com.crm.contactsTest.CreateContactsTest" name="createcontacts" time="28.903"/>
  <system-out>
    <![CDATA[clicked on contacts link
Clicked on create contacts lookup image
New contacts created
Verification successful]]>
  </system-out>
</testsuite> <!-- com.crm.contactsTest.CreateContactsTest -->
