<?xml version="1.0" encoding="UTF-8"?>
<!-- Generated by org.testng.reporters.JUnitReportReporter -->
<testsuite hostname="LAPTOP-0SCJ6J7A" failures="0" tests="9" name="com.crm.PRACTICE.ReadMultipledatafromExcel" time="0.032" errors="0" timestamp="2022-02-28T18:57:50 IST" skipped="0">
  <testcase classname="com.crm.PRACTICE.ReadMultipledatafromExcel" name="readmultipledatafromexcel" time="0.002"/>
  <system-out/>
  <testcase classname="com.crm.PRACTICE.ReadMultipledatafromExcel" name="readmultipledatafromexcel" time="0.004"/>
  <system-out/>
  <testcase classname="com.crm.PRACTICE.ReadMultipledatafromExcel" name="readmultipledatafromexcel" time="0.002"/>
  <system-out/>
  <testcase classname="com.crm.PRACTICE.ReadMultipledatafromExcel" name="readmultipledatafromexcel" time="0.002"/>
  <system-out/>
  <testcase classname="com.crm.PRACTICE.ReadMultipledatafromExcel" name="readmultipledatafromexcel" time="0.002"/>
  <system-out/>
  <testcase classname="com.crm.PRACTICE.ReadMultipledatafromExcel" name="readmultipledatafromexcel" time="0.003"/>
  <system-out/>
  <testcase classname="com.crm.PRACTICE.ReadMultipledatafromExcel" name="readmultipledatafromexcel" time="0.012"/>
  <system-out/>
  <testcase classname="com.crm.PRACTICE.ReadMultipledatafromExcel" name="readmultipledatafromexcel" time="0.003"/>
  <system-out/>
  <testcase classname="com.crm.PRACTICE.ReadMultipledatafromExcel" name="readmultipledatafromexcel" time="0.002"/>
  <system-out/>
</testsuite> <!-- com.crm.PRACTICE.ReadMultipledatafromExcel -->
