<?xml version="1.0" encoding="UTF-8"?>
<!-- Generated by org.testng.reporters.JUnitReportReporter -->
<testsuite hostname="LAPTOP-0SCJ6J7A" failures="0" tests="1" name="com.crm.PRACTICE.Date" time="0.047" errors="0" timestamp="2022-03-10T14:35:02 IST" skipped="0">
  <testcase classname="com.crm.PRACTICE.Date" name="tests" time="0.047"/>
  <system-out/>
</testsuite> <!-- com.crm.PRACTICE.Date -->
