<?xml version="1.0" encoding="UTF-8"?>
<!-- Generated by org.testng.reporters.JUnitReportReporter -->
<testsuite hostname="LAPTOP-0SCJ6J7A" failures="0" tests="1" name="com.crm.assignmentcontactsTest.CreateContactsNotifyOwnerTest" time="18.171" errors="0" timestamp="2022-03-01T15:16:14 IST" skipped="0">
  <testcase classname="com.crm.assignmentcontactsTest.CreateContactsNotifyOwnerTest" name="CreateContactsNotifyOwner" time="18.171"/>
  <system-out/>
</testsuite> <!-- com.crm.assignmentcontactsTest.CreateContactsNotifyOwnerTest -->
