<?xml version="1.0" encoding="UTF-8"?>
<!-- Generated by org.testng.reporters.JUnitReportReporter -->
<testsuite hostname="LAPTOP-0SCJ6J7A" failures="0" tests="1" name="com.crm.PRACTICE.Xpath" time="8.494" errors="0" timestamp="2022-03-22T12:11:21 IST" skipped="0">
  <testcase classname="com.crm.PRACTICE.Xpath" name="test" time="8.494"/>
  <system-out/>
</testsuite> <!-- com.crm.PRACTICE.Xpath -->
