<?xml version="1.0" encoding="UTF-8"?>
<!-- Generated by org.testng.reporters.JUnitReportReporter -->
<testsuite hostname="LAPTOP-0SCJ6J7A" failures="0" tests="1" name="com.crm.PRACTICE.Debugging" time="39.312" errors="0" timestamp="2022-03-18T12:17:30 IST" skipped="0">
  <testcase classname="com.crm.PRACTICE.Debugging" name="debuggg" time="39.312"/>
  <system-out/>
</testsuite> <!-- com.crm.PRACTICE.Debugging -->
