<?xml version="1.0" encoding="UTF-8"?>
<!-- Generated by org.testng.reporters.JUnitReportReporter -->
<testsuite hostname="LAPTOP-0SCJ6J7A" failures="0" tests="1" name="com.crm.assignmentcontactsTest.CreateContactsandSendEmailTest" time="50.053" errors="0" timestamp="2022-02-24T19:21:52 IST" skipped="0">
  <testcase classname="com.crm.assignmentcontactsTest.CreateContactsandSendEmailTest" name="CreateContactsandSendEmail" time="50.053"/>
  <system-out/>
</testsuite> <!-- com.crm.assignmentcontactsTest.CreateContactsandSendEmailTest -->
