<?xml version="1.0" encoding="UTF-8"?>
<!-- Generated by org.testng.reporters.JUnitReportReporter -->
<testsuite hostname="LAPTOP-0SCJ6J7A" failures="0" tests="1" name="com.crm.PRACTICE.PropertyfilePractice" time="0.050" errors="0" timestamp="2022-03-02T18:04:00 IST" skipped="0">
  <testcase classname="com.crm.PRACTICE.PropertyfilePractice" name="test" time="0.050"/>
  <system-out/>
</testsuite> <!-- com.crm.PRACTICE.PropertyfilePractice -->
