<?xml version="1.0" encoding="UTF-8"?>
<!-- Generated by org.testng.reporters.JUnitReportReporter -->
<testsuite hostname="LAPTOP-0SCJ6J7A" failures="0" tests="1" name="com.crm.Organizationtest.CreateOrgWithIndustryTest" time="29.281" errors="0" timestamp="2022-03-16T10:10:25 IST" skipped="0">
  <testcase classname="com.crm.Organizationtest.CreateOrgWithIndustryTest" name="createorgwithindustry" time="29.281"/>
  <system-out>
    <![CDATA[clicked on organization link
Clicked on create organization lookup image
New organization created
Verification successful]]>
  </system-out>
</testsuite> <!-- com.crm.Organizationtest.CreateOrgWithIndustryTest -->
