<?xml version="1.0" encoding="UTF-8"?>
<!-- Generated by org.testng.reporters.JUnitReportReporter -->
<testsuite hostname="LAPTOP-0SCJ6J7A" failures="0" tests="1" name="xpath.Select_and_Delete_5TH_Contact" time="26.417" errors="0" timestamp="2022-03-08T16:31:47 IST" skipped="0">
  <testcase classname="xpath.Select_and_Delete_5TH_Contact" name="delete5thele" time="26.417"/>
  <system-out/>
</testsuite> <!-- xpath.Select_and_Delete_5TH_Contact -->
