<?xml version="1.0" encoding="UTF-8"?>
<!-- Generated by org.testng.reporters.JUnitReportReporter -->
<testsuite hostname="LAPTOP-0SCJ6J7A" failures="0" tests="1" name="com.crm.assignmentcontactsTest.CreateContactReferanceTest" time="29.013" errors="0" timestamp="2022-03-16T10:10:25 IST" skipped="0">
  <testcase classname="com.crm.assignmentcontactsTest.CreateContactReferanceTest" name="CreateContactReferance" time="29.013"/>
  <system-out>
    <![CDATA[clicked on contacts link
Clicked on create contacts lookup image
New contacts created
Verification successful]]>
  </system-out>
</testsuite> <!-- com.crm.assignmentcontactsTest.CreateContactReferanceTest -->
