<?xml version="1.0" encoding="UTF-8"?>
<!-- Generated by org.testng.reporters.JUnitReportReporter -->
<testsuite hostname="LAPTOP-0SCJ6J7A" failures="0" tests="1" name="com.crm.PRACTICE.PrcticeTest" time="0.009" errors="0" timestamp="2022-03-22T14:14:38 IST" skipped="0">
  <testcase classname="com.crm.PRACTICE.PrcticeTest" name="test" time="0.009"/>
  <system-out/>
</testsuite> <!-- com.crm.PRACTICE.PrcticeTest -->
