<?xml version="1.0" encoding="UTF-8"?>
<!-- Generated by org.testng.reporters.JUnitReportReporter -->
<testsuite hostname="LAPTOP-0SCJ6J7A" failures="0" tests="3" name="com.crm.PRACTICE.PrcticeTestngTest" time="0.039" errors="0" timestamp="2022-03-22T07:07:11 IST" skipped="0">
  <testcase classname="com.crm.PRACTICE.PrcticeTestngTest" name="bTest" time="0.021"/>
  <system-out/>
  <testcase classname="com.crm.PRACTICE.PrcticeTestngTest" name="aTest" time="0.006"/>
  <system-out/>
  <testcase classname="com.crm.PRACTICE.PrcticeTestngTest" name="cTest" time="0.012"/>
  <system-out/>
</testsuite> <!-- com.crm.PRACTICE.PrcticeTestngTest -->
