<?xml version="1.0" encoding="UTF-8"?>
<!-- Generated by org.testng.reporters.JUnitReportReporter -->
<testsuite hostname="LAPTOP-0SCJ6J7A" failures="0" tests="1" name="xpath.ClickOnLastCheckBox" time="21.418" errors="0" timestamp="2022-03-08T16:30:01 IST" skipped="0">
  <testcase classname="xpath.ClickOnLastCheckBox" name="clickonlastcheckbox" time="21.418"/>
  <system-out/>
</testsuite> <!-- xpath.ClickOnLastCheckBox -->
