<?xml version="1.0" encoding="UTF-8"?>
<!-- Generated by org.testng.reporters.JUnitReportReporter -->
<testsuite hostname="LAPTOP-0SCJ6J7A" failures="0" tests="1" name="com.crm.contactsTest.Adfdghjkflg" time="16.345" errors="0" timestamp="2022-03-04T12:25:35 IST" skipped="0">
  <testcase classname="com.crm.contactsTest.Adfdghjkflg" name="TEST" time="16.345"/>
  <system-out/>
</testsuite> <!-- com.crm.contactsTest.Adfdghjkflg -->
