<?xml version="1.0" encoding="UTF-8"?>
<!-- Generated by org.testng.reporters.JUnitReportReporter -->
<testsuite hostname="LAPTOP-0SCJ6J7A" failures="0" tests="1" name="com.crm.PRACTICE.SampleJDBCVerifyData" time="0.486" errors="0" timestamp="2022-02-16T20:47:30 IST" skipped="0">
  <testcase classname="com.crm.PRACTICE.SampleJDBCVerifyData" name="SampleJDBCverifydata" time="0.486"/>
  <system-out/>
</testsuite> <!-- com.crm.PRACTICE.SampleJDBCVerifyData -->
