<?xml version="1.0" encoding="UTF-8"?>
<!-- Generated by org.testng.reporters.JUnitReportReporter -->
<testsuite hostname="LAPTOP-0SCJ6J7A" failures="0" tests="1" name="com.crm.assignmentcontactsTest.CreateContactEmailOptEnabledOrNotTest" time="18.691" errors="0" timestamp="2022-03-15T15:42:19 IST" skipped="0">
  <testcase classname="com.crm.assignmentcontactsTest.CreateContactEmailOptEnabledOrNotTest" name="CreateContactEmailOptEnabledOrNot" time="18.691"/>
  <system-out>
    <![CDATA[clicked on contacts link
Clicked on create contacts lookup image
New contacts created
Verification successful]]>
  </system-out>
</testsuite> <!-- com.crm.assignmentcontactsTest.CreateContactEmailOptEnabledOrNotTest -->
