<?xml version="1.0" encoding="UTF-8"?>
<!-- Generated by org.testng.reporters.JUnitReportReporter -->
<testsuite hostname="LAPTOP-0SCJ6J7A" failures="0" tests="1" name="com.crm.OpportunitiesTests.CreateOpportunitiesWithCampainsAndContactsTest" time="88.624" errors="0" timestamp="2022-03-02T10:25:35 IST" skipped="0">
  <testcase classname="com.crm.OpportunitiesTests.CreateOpportunitiesWithCampainsAndContactsTest" name="CreateOpportunitiesWithCampaignsAndContacts" time="88.624"/>
  <system-out/>
</testsuite> <!-- com.crm.OpportunitiesTests.CreateOpportunitiesWithCampainsAndContactsTest -->
