<?xml version="1.0" encoding="UTF-8"?>
<!-- Generated by org.testng.reporters.JUnitReportReporter -->
<testsuite hostname="LAPTOP-0SCJ6J7A" failures="0" tests="1" name="com.crm.Organizationtest.CreateOrganizarionTestsWithPropertiesfile" time="23.420" errors="0" timestamp="2022-02-17T15:11:41 IST" skipped="0">
  <testcase classname="com.crm.Organizationtest.CreateOrganizarionTestsWithPropertiesfile" name="createorganization" time="23.420"/>
  <system-out/>
</testsuite> <!-- com.crm.Organizationtest.CreateOrganizarionTestsWithPropertiesfile -->
