<?xml version="1.0" encoding="UTF-8"?>
<!-- Generated by org.testng.reporters.JUnitReportReporter -->
<testsuite hostname="LAPTOP-0SCJ6J7A" failures="0" tests="1" name="com.crm.PRACTICE.ReaddatafromcmdlineTest" time="0.013" errors="0" timestamp="2022-02-17T12:57:36 IST" skipped="0">
  <testcase classname="com.crm.PRACTICE.ReaddatafromcmdlineTest" name="readdatafromcmdline" time="0.013"/>
  <system-out/>
</testsuite> <!-- com.crm.PRACTICE.ReaddatafromcmdlineTest -->
