<?xml version="1.0" encoding="UTF-8"?>
<!-- Generated by org.testng.reporters.JUnitReportReporter -->
<testsuite hostname="LAPTOP-0SCJ6J7A" failures="0" tests="4" name="com.crm.PRACTICE.DataProvider4Cross3" time="0.014" errors="0" timestamp="2022-02-28T15:34:47 IST" skipped="0">
  <testcase classname="com.crm.PRACTICE.DataProvider4Cross3" name="Dataprovider4cross3" time="0.002"/>
  <system-out/>
  <testcase classname="com.crm.PRACTICE.DataProvider4Cross3" name="Dataprovider4cross3" time="0.002"/>
  <system-out/>
  <testcase classname="com.crm.PRACTICE.DataProvider4Cross3" name="Dataprovider4cross3" time="0.008"/>
  <system-out/>
  <testcase classname="com.crm.PRACTICE.DataProvider4Cross3" name="Dataprovider4cross3" time="0.002"/>
  <system-out/>
</testsuite> <!-- com.crm.PRACTICE.DataProvider4Cross3 -->
