<?xml version="1.0" encoding="UTF-8"?>
<!-- Generated by org.testng.reporters.JUnitReportReporter -->
<testsuite hostname="LAPTOP-0SCJ6J7A" failures="0" tests="1" name="com.crm.assignmentcontactsTest.CreateContactEmailOptEnabledOrNotTest" time="16.805" errors="0" timestamp="2022-03-04T14:20:08 IST" skipped="0">
  <testcase classname="com.crm.assignmentcontactsTest.CreateContactEmailOptEnabledOrNotTest" name="CreateContactEmailOptEnabledOrNot" time="16.805"/>
  <system-out/>
</testsuite> <!-- com.crm.assignmentcontactsTest.CreateContactEmailOptEnabledOrNotTest -->
