<?xml version="1.0" encoding="UTF-8"?>
<!-- Generated by org.testng.reporters.JUnitReportReporter -->
<testsuite hostname="LAPTOP-0SCJ6J7A" failures="0" tests="1" name="com.crm.PRACTICE.WriteDataIntoExcelSheetTest" time="1.282" errors="0" timestamp="2022-02-17T16:38:41 IST" skipped="0">
  <testcase classname="com.crm.PRACTICE.WriteDataIntoExcelSheetTest" name="writedataintoexcelsheet" time="1.282"/>
  <system-out/>
</testsuite> <!-- com.crm.PRACTICE.WriteDataIntoExcelSheetTest -->
