<?xml version="1.0" encoding="UTF-8"?>
<!-- Generated by org.testng.reporters.JUnitReportReporter -->
<testsuite hostname="LAPTOP-0SCJ6J7A" failures="0" tests="10" name="com.crm.contactsTest.CreateMultipleContacts" time="188.591" errors="0" timestamp="2022-03-01T16:37:27 IST" skipped="0">
  <testcase classname="com.crm.contactsTest.CreateMultipleContacts" name="createOrgWithIndType" time="19.838"/>
  <system-out>
    <![CDATA[clicked on Contacts link
Clicked on create Contacts lookup image
New Contacts created
Verification successful]]>
  </system-out>
  <testcase classname="com.crm.contactsTest.CreateMultipleContacts" name="createOrgWithIndType" time="16.938"/>
  <system-out>
    <![CDATA[clicked on Contacts link
Clicked on create Contacts lookup image
New Contacts created
Verification successful]]>
  </system-out>
  <testcase classname="com.crm.contactsTest.CreateMultipleContacts" name="createOrgWithIndType" time="24.297"/>
  <system-out>
    <![CDATA[clicked on Contacts link
Clicked on create Contacts lookup image
New Contacts created
Verification successful]]>
  </system-out>
  <testcase classname="com.crm.contactsTest.CreateMultipleContacts" name="createOrgWithIndType" time="22.558"/>
  <system-out>
    <![CDATA[clicked on Contacts link
Clicked on create Contacts lookup image
New Contacts created
Verification successful]]>
  </system-out>
  <testcase classname="com.crm.contactsTest.CreateMultipleContacts" name="createOrgWithIndType" time="18.051"/>
  <system-out>
    <![CDATA[clicked on Contacts link
Clicked on create Contacts lookup image
New Contacts created
Verification successful]]>
  </system-out>
  <testcase classname="com.crm.contactsTest.CreateMultipleContacts" name="createOrgWithIndType" time="17.655"/>
  <system-out>
    <![CDATA[clicked on Contacts link
Clicked on create Contacts lookup image
New Contacts created
Verification successful]]>
  </system-out>
  <testcase classname="com.crm.contactsTest.CreateMultipleContacts" name="createOrgWithIndType" time="16.889"/>
  <system-out>
    <![CDATA[clicked on Contacts link
Clicked on create Contacts lookup image
New Contacts created
Verification successful]]>
  </system-out>
  <testcase classname="com.crm.contactsTest.CreateMultipleContacts" name="createOrgWithIndType" time="16.549"/>
  <system-out>
    <![CDATA[clicked on Contacts link
Clicked on create Contacts lookup image
New Contacts created
Verification successful]]>
  </system-out>
  <testcase classname="com.crm.contactsTest.CreateMultipleContacts" name="createOrgWithIndType" time="19.002"/>
  <system-out>
    <![CDATA[clicked on Contacts link
Clicked on create Contacts lookup image
New Contacts created
Verification successful]]>
  </system-out>
  <testcase classname="com.crm.contactsTest.CreateMultipleContacts" name="createOrgWithIndType" time="16.814"/>
  <system-out>
    <![CDATA[clicked on Contacts link
Clicked on create Contacts lookup image
New Contacts created
Verification successful]]>
  </system-out>
</testsuite> <!-- com.crm.contactsTest.CreateMultipleContacts -->
