<?xml version="1.0" encoding="UTF-8"?>
<!-- Generated by org.testng.reporters.JUnitReportReporter -->
<testsuite hostname="LAPTOP-0SCJ6J7A" failures="0" tests="1" name="com.crm.PRACTICE.SelectdateInCurrentMonth" time="12.846" errors="0" timestamp="2022-03-09T14:41:28 IST" skipped="0">
  <testcase classname="com.crm.PRACTICE.SelectdateInCurrentMonth" name="selectdate" time="12.846"/>
  <system-out/>
</testsuite> <!-- com.crm.PRACTICE.SelectdateInCurrentMonth -->
