<?xml version="1.0" encoding="UTF-8"?>
<!-- Generated by org.testng.reporters.JUnitReportReporter -->
<testsuite hostname="LAPTOP-0SCJ6J7A" failures="0" tests="1" name="com.crm.assignmentcontactsTest.CreateContactReferanceTest" time="17.667" errors="0" timestamp="2022-03-01T15:13:54 IST" skipped="0">
  <testcase classname="com.crm.assignmentcontactsTest.CreateContactReferanceTest" name="CreateContactReferance" time="17.667"/>
  <system-out/>
</testsuite> <!-- com.crm.assignmentcontactsTest.CreateContactReferanceTest -->
