<?xml version="1.0" encoding="UTF-8"?>
<!-- Generated by org.testng.reporters.JUnitReportReporter -->
<testsuite hostname="LAPTOP-0SCJ6J7A" failures="0" tests="1" name="xpath.PrintAllLastname" time="21.281" errors="0" timestamp="2022-03-08T16:18:00 IST" skipped="0">
  <testcase classname="xpath.PrintAllLastname" name="print_all_lastname" time="21.281"/>
  <system-out/>
</testsuite> <!-- xpath.PrintAllLastname -->
