<?xml version="1.0" encoding="UTF-8"?>
<!-- Generated by org.testng.reporters.JUnitReportReporter -->
<testsuite hostname="LAPTOP-0SCJ6J7A" failures="0" tests="1" name="xpath.CheckalltheboxesInduvidually" time="23.212" errors="0" timestamp="2022-03-08T16:16:10 IST" skipped="0">
  <testcase classname="xpath.CheckalltheboxesInduvidually" name="checkOnebyOne" time="23.212"/>
  <system-out/>
</testsuite> <!-- xpath.CheckalltheboxesInduvidually -->
