<?xml version="1.0" encoding="UTF-8"?>
<!-- Generated by org.testng.reporters.JUnitReportReporter -->
<testsuite hostname="LAPTOP-0SCJ6J7A" failures="0" tests="1" name="com.crm.PRACTICE.Loginusingbaseclass" time="9.770" errors="0" timestamp="2022-03-23T10:52:01 IST" skipped="0">
  <testcase classname="com.crm.PRACTICE.Loginusingbaseclass" name="test" time="9.770"/>
  <system-out/>
</testsuite> <!-- com.crm.PRACTICE.Loginusingbaseclass -->
