<?xml version="1.0" encoding="UTF-8"?>
<!-- Generated by org.testng.reporters.JUnitReportReporter -->
<testsuite hostname="LAPTOP-0SCJ6J7A" failures="0" tests="1" name="com.crm.contactsTest.CreatecintactswithOrgTest" time="23.007" errors="0" timestamp="2022-02-22T20:23:42 IST" skipped="0">
  <testcase classname="com.crm.contactsTest.CreatecintactswithOrgTest" name="createcontactwithorg" time="23.007"/>
  <system-out/>
</testsuite> <!-- com.crm.contactsTest.CreatecintactswithOrgTest -->
